<?xml version="1.0" encoding="UTF-8"?>
<!-- Generated by org.testng.reporters.JUnitXMLReporter -->
<testsuite ignored="0" hostname="balaji" failures="1" tests="1" name="Test" time="233.392" errors="0" timestamp="2024-10-14T20:00:54 IST">
  <testcase classname="com.amazon.testCase.TC_LoginTest_001" name="loginTest" time="153.899">
    <failure type="java.lang.AssertionError" message="expected [Online Shopping site in India: Shop Online for Mobiles, Books, Watches, Shoes and More - Amazon.in] but found [Amazon.com. Spend less. Smile more.]">
      <![CDATA[java.lang.AssertionError: expected [Online Shopping site in India: Shop Online for Mobiles, Books, Watches, Shoes and More - Amazon.in] but found [Amazon.com. Spend less. Smile more.]
at com.amazon.testCase.TC_LoginTest_001.loginTest(TC_LoginTest_001.java:33)
at java.base/java.util.ArrayList.forEach(ArrayList.java:1511)
... Removed 33 stack frames]]>
    </failure>
  </testcase> <!-- loginTest -->
</testsuite> <!-- Test -->
