<?xml version="1.0" encoding="UTF-8"?>
<!-- Generated by org.testng.reporters.JUnitXMLReporter -->
<testsuite ignored="0" hostname="balaji" failures="1" tests="5" name="Test" time="321.379" errors="0" timestamp="2024-10-08T22:22:21 IST">
  <testcase classname="com.amazon.testCase.TC_LoginTest_001" name="loginTest" time="127.086">
    <failure type="org.openqa.selenium.TimeoutException" message="Expected condition failed: waiting for visibility of [[ChromeDriver: chrome on windows (49491d08950d9cb582c3524d47109780)] -&amp;gt; xpath: //span[text()=&amp;apos;Sign Out&amp;apos;]] (tried for 20 second(s) with 500 milliseconds interval)
Build info: version: &amp;apos;4.20.0&amp;apos;, revision: &amp;apos;866c76ca80&amp;apos;
System info: os.name: &amp;apos;Windows 8.1&amp;apos;, os.arch: &amp;apos;x86&amp;apos;, os.version: &amp;apos;6.3&amp;apos;, java.version: &amp;apos;17.0.10&amp;apos;
Driver info: org.openqa.selenium.chrome.ChromeDriver
Capabilities {acceptInsecureCerts: false, browserName: chrome, browserVersion: 109.0.5414.168, chrome: {chromedriverVersion: 109.0.5414.74 (e7c5703604da..., userDataDir: C:\Users\bala\AppData\Local...}, goog:chromeOptions: {debuggerAddress: localhost:63655}, networkConnectionEnabled: false, pageLoadStrategy: normal, platformName: windows, proxy: Proxy(), se:cdp: ws://localhost:63655/devtoo..., se:cdpVersion: 109.0.5414.168, setWindowRect: true, strictFileInteractability: false, timeouts: {implicit: 0, pageLoad: 300000, script: 30000}, unhandledPromptBehavior: dismiss and notify, webauthn:extension:credBlob: true, webauthn:extension:largeBlob: true, webauthn:virtualAuthenticators: true}
Session ID: 49491d08950d9cb582c3524d47109780">
      <![CDATA[org.openqa.selenium.TimeoutException: Expected condition failed: waiting for visibility of [[ChromeDriver: chrome on windows (49491d08950d9cb582c3524d47109780)] -> xpath: //span[text()='Sign Out']] (tried for 20 second(s) with 500 milliseconds interval)
Build info: version: '4.20.0', revision: '866c76ca80'
System info: os.name: 'Windows 8.1', os.arch: 'x86', os.version: '6.3', java.version: '17.0.10'
Driver info: org.openqa.selenium.chrome.ChromeDriver
Capabilities {acceptInsecureCerts: false, browserName: chrome, browserVersion: 109.0.5414.168, chrome: {chromedriverVersion: 109.0.5414.74 (e7c5703604da..., userDataDir: C:\Users\bala\AppData\Local...}, goog:chromeOptions: {debuggerAddress: localhost:63655}, networkConnectionEnabled: false, pageLoadStrategy: normal, platformName: windows, proxy: Proxy(), se:cdp: ws://localhost:63655/devtoo..., se:cdpVersion: 109.0.5414.168, setWindowRect: true, strictFileInteractability: false, timeouts: {implicit: 0, pageLoad: 300000, script: 30000}, unhandledPromptBehavior: dismiss and notify, webauthn:extension:credBlob: true, webauthn:extension:largeBlob: true, webauthn:virtualAuthenticators: true}
Session ID: 49491d08950d9cb582c3524d47109780
at org.openqa.selenium.support.ui.WebDriverWait.timeoutException(WebDriverWait.java:84)
at org.openqa.selenium.support.ui.FluentWait.until(FluentWait.java:228)
at com.amazon.testCase.baseClass.visiblityOfElement(baseClass.java:86)
at com.amazon.testCase.TC_LoginTest_001.loginTest(TC_LoginTest_001.java:22)
at java.base/java.util.ArrayList.forEach(ArrayList.java:1511)
... Removed 27 stack frames]]>
    </failure>
  </testcase> <!-- loginTest -->
  <testcase classname="com.amazon.testCase.TC_loginTestDDT_002" name="loginDDT" time="0.067"/>
  <testcase classname="com.amazon.testCase.TC_loginTestDDT_002" name="loginDDT" time="0.003"/>
  <testcase classname="com.amazon.testCase.TC_loginTestDDT_002" name="loginDDT" time="0.002"/>
  <testcase classname="com.amazon.testCase.TC_loginTestDDT_002" name="loginDDT" time="0.002"/>
</testsuite> <!-- Test -->
