<?xml version="1.0" encoding="UTF-8"?>
<testsuite xmlns:xsi="http://www.w3.org/2001/XMLSchema-instance" xsi:noNamespaceSchemaLocation="https://maven.apache.org/surefire/maven-surefire-plugin/xsd/surefire-test-report-3.0.xsd" version="3.0" name="TestSuite" time="603.635" tests="12" errors="0" skipped="0" failures="2">
  <properties>
[...]
</properties>
  <testcase name="test_Login" classname="com.opencart.testCase.TC_002_Login" time="48.002">
    <system-out><![CDATA[2024-10-24 18:46:52,527 INFO  [E-CommerceAutomationProject] -  Starting TC_002_Login 
2024-10-24 18:46:55,689 INFO  [E-CommerceAutomationProject] - Home Page Displayed 
2024-10-24 18:46:57,487 INFO  [E-CommerceAutomationProject] - Clicked on My Account 
2024-10-24 18:47:31,059 INFO  [E-CommerceAutomationProject] - Clicked on Login 
2024-10-24 18:47:33,541 INFO  [E-CommerceAutomationProject] - Provided Email 
2024-10-24 18:47:33,970 INFO  [E-CommerceAutomationProject] - Provided Password 
2024-10-24 18:47:35,685 INFO  [E-CommerceAutomationProject] - Clicked on Login
true
2024-10-24 18:47:37,466 INFO  [E-CommerceAutomationProject] - Login Success 
2024-10-24 18:47:40,328 INFO  [E-CommerceAutomationProject] -  Finished TC_002_Login 
]]></system-out>
    <system-err><![CDATA[SLF4J: Failed to load class "org.slf4j.impl.StaticLoggerBinder".
SLF4J: Defaulting to no-operation (NOP) logger implementation
SLF4J: See http://www.slf4j.org/codes.html#StaticLoggerBinder for further details.
Oct 24, 2024 6:46:52 PM org.openqa.selenium.devtools.CdpVersionFinder findNearestMatch
WARNING: Unable to find CDP implementation matching 109
Oct 24, 2024 6:46:52 PM org.openqa.selenium.chromium.ChromiumDriver lambda$new$5
WARNING: Unable to find version of CDP to use for 109.0.5414.168. You may need to include a dependency on a specific version of the CDP using something similar to `org.seleniumhq.selenium:selenium-devtools-v86:4.20.0` where the version ("v86") matches the version of the chromium-based browser you're using and the version number of the artifact is the same as Selenium's.
]]></system-err>
  </testcase>
  <testcase name="test_LoginDDT[don@gmail.com, 12345a, Valid](1)" classname="com.opencart.testCase.TC_003_LoginDDT" time="58.114">
    <system-out><![CDATA[2024-10-24 18:47:59,564 INFO  [E-CommerceAutomationProject] -  Starting TC_003_LoginDDT 
2024-10-24 18:48:02,673 INFO  [E-CommerceAutomationProject] - Home Page Displayed 
2024-10-24 18:48:06,603 INFO  [E-CommerceAutomationProject] - Clicked on My Account 
2024-10-24 18:48:37,216 INFO  [E-CommerceAutomationProject] - Clicked on Login 
2024-10-24 18:48:54,457 INFO  [E-CommerceAutomationProject] - Provided Email 
2024-10-24 18:48:54,566 INFO  [E-CommerceAutomationProject] - Provided Password 
2024-10-24 18:48:54,659 INFO  [E-CommerceAutomationProject] - Clicked on Login
2024-10-24 18:48:55,666 INFO  [E-CommerceAutomationProject] - Login Success 
2024-10-24 18:48:57,672 INFO  [E-CommerceAutomationProject] -  Finished TC_003_LoginDDT 
]]></system-out>
    <system-err><![CDATA[Oct 24, 2024 6:47:51 PM org.openqa.selenium.devtools.CdpVersionFinder findNearestMatch
WARNING: Unable to find CDP implementation matching 109
Oct 24, 2024 6:47:51 PM org.openqa.selenium.chromium.ChromiumDriver lambda$new$5
WARNING: Unable to find version of CDP to use for 109.0.5414.168. You may need to include a dependency on a specific version of the CDP using something similar to `org.seleniumhq.selenium:selenium-devtools-v86:4.20.0` where the version ("v86") matches the version of the chromium-based browser you're using and the version number of the artifact is the same as Selenium's.
]]></system-err>
  </testcase>
  <testcase name="test_LoginDDT[kp@gmail.com, 62hady, Valid](2)" classname="com.opencart.testCase.TC_003_LoginDDT" time="18.314">
    <system-out><![CDATA[2024-10-24 18:48:57,680 INFO  [E-CommerceAutomationProject] -  Starting TC_003_LoginDDT 
2024-10-24 18:48:59,392 INFO  [E-CommerceAutomationProject] - Home Page Displayed 
2024-10-24 18:49:11,107 INFO  [E-CommerceAutomationProject] - Clicked on My Account 
2024-10-24 18:49:12,344 INFO  [E-CommerceAutomationProject] - Clicked on Login 
2024-10-24 18:49:12,493 INFO  [E-CommerceAutomationProject] - Provided Email 
2024-10-24 18:49:12,597 INFO  [E-CommerceAutomationProject] - Provided Password 
2024-10-24 18:49:12,697 INFO  [E-CommerceAutomationProject] - Clicked on Login
2024-10-24 18:49:14,277 INFO  [E-CommerceAutomationProject] - Login Success 
2024-10-24 18:49:15,990 INFO  [E-CommerceAutomationProject] -  Finished TC_003_LoginDDT 
]]></system-out>
  </testcase>
  <testcase name="test_LoginDDT[maya@gmail.com, 3tdwgf, Invalid](3)" classname="com.opencart.testCase.TC_003_LoginDDT" time="27.159">
    <system-out><![CDATA[2024-10-24 18:49:16,005 INFO  [E-CommerceAutomationProject] -  Starting TC_003_LoginDDT 
2024-10-24 18:49:16,849 INFO  [E-CommerceAutomationProject] - Home Page Displayed 
2024-10-24 18:49:17,010 INFO  [E-CommerceAutomationProject] - Clicked on My Account 
2024-10-24 18:49:17,739 INFO  [E-CommerceAutomationProject] - Clicked on Login 
2024-10-24 18:49:17,908 INFO  [E-CommerceAutomationProject] - Provided Email 
2024-10-24 18:49:18,008 INFO  [E-CommerceAutomationProject] - Provided Password 
2024-10-24 18:49:18,093 INFO  [E-CommerceAutomationProject] - Clicked on Login
2024-10-24 18:49:43,164 INFO  [E-CommerceAutomationProject] - Login Failed wrong credential but test case is passed
2024-10-24 18:49:43,164 INFO  [E-CommerceAutomationProject] -  Finished TC_003_LoginDDT 
]]></system-out>
  </testcase>
  <testcase name="test_LoginDDT[kar@gmail.com, sd1234, Invalid](4)" classname="com.opencart.testCase.TC_003_LoginDDT" time="27.868">
    <system-out><![CDATA[2024-10-24 18:49:43,164 INFO  [E-CommerceAutomationProject] -  Starting TC_003_LoginDDT 
2024-10-24 18:49:44,329 INFO  [E-CommerceAutomationProject] - Home Page Displayed 
2024-10-24 18:49:44,638 INFO  [E-CommerceAutomationProject] - Clicked on My Account 
2024-10-24 18:49:45,546 INFO  [E-CommerceAutomationProject] - Clicked on Login 
2024-10-24 18:49:45,713 INFO  [E-CommerceAutomationProject] - Provided Email 
2024-10-24 18:49:45,862 INFO  [E-CommerceAutomationProject] - Provided Password 
2024-10-24 18:49:45,967 INFO  [E-CommerceAutomationProject] - Clicked on Login
2024-10-24 18:50:11,032 INFO  [E-CommerceAutomationProject] - Login Failed wrong credential but test case is passed
2024-10-24 18:50:11,032 INFO  [E-CommerceAutomationProject] -  Finished TC_003_LoginDDT 
]]></system-out>
  </testcase>
  <testcase name="test_search" classname="com.opencart.testCase.TC_004Search" time="40.056">
    <system-out><![CDATA[2024-10-24 18:50:23,272 INFO  [E-CommerceAutomationProject] -  Starting TC_004_Search 
2024-10-24 18:50:35,825 INFO  [E-CommerceAutomationProject] - Home Page Displayed 
2024-10-24 18:50:35,984 INFO  [E-CommerceAutomationProject] - Enter any Product
2024-10-24 18:51:03,328 ERROR [E-CommerceAutomationProject] - Search Success 
2024-10-24 18:51:03,328 INFO  [E-CommerceAutomationProject] -  Finished TC_004Search 
]]></system-out>
    <system-err><![CDATA[Oct 24, 2024 6:50:23 PM org.openqa.selenium.devtools.CdpVersionFinder findNearestMatch
WARNING: Unable to find CDP implementation matching 109
Oct 24, 2024 6:50:23 PM org.openqa.selenium.chromium.ChromiumDriver lambda$new$5
WARNING: Unable to find version of CDP to use for 109.0.5414.168. You may need to include a dependency on a specific version of the CDP using something similar to `org.seleniumhq.selenium:selenium-devtools-v86:4.20.0` where the version ("v86") matches the version of the chromium-based browser you're using and the version number of the artifact is the same as Selenium's.
]]></system-err>
  </testcase>
  <testcase name="test_addcart" classname="com.opencart.testCase.TC_005_Addcart" time="19.322">
    <system-out><![CDATA[2024-10-24 18:51:09,766 INFO  [E-CommerceAutomationProject] - Starting TC_005_Addcart
2024-10-24 18:51:14,894 INFO  [E-CommerceAutomationProject] - Home Page Displayed 
2024-10-24 18:51:15,087 INFO  [E-CommerceAutomationProject] - Enter any Product
2024-10-24 18:51:17,423 INFO  [E-CommerceAutomationProject] - product displayed on HomePage
2024-10-24 18:51:28,619 INFO  [E-CommerceAutomationProject] - product added to cart
2024-10-24 18:51:29,089 INFO  [E-CommerceAutomationProject] - Add to cart is succussfull
2024-10-24 18:51:29,089 INFO  [E-CommerceAutomationProject] - Finished TC_005_Addcart
]]></system-out>
    <system-err><![CDATA[Oct 24, 2024 6:51:09 PM org.openqa.selenium.devtools.CdpVersionFinder findNearestMatch
WARNING: Unable to find CDP implementation matching 109
Oct 24, 2024 6:51:09 PM org.openqa.selenium.chromium.ChromiumDriver lambda$new$5
WARNING: Unable to find version of CDP to use for 109.0.5414.168. You may need to include a dependency on a specific version of the CDP using something similar to `org.seleniumhq.selenium:selenium-devtools-v86:4.20.0` where the version ("v86") matches the version of the chromium-based browser you're using and the version number of the artifact is the same as Selenium's.
]]></system-err>
  </testcase>
  <testcase name="testProductCompare" classname="com.opencart.testCase.TC_006_ProductCompare" time="37.139">
    <system-out><![CDATA[2024-10-24 18:51:36,745 INFO  [E-CommerceAutomationProject] - Strating TC_006_ProductCompare
2024-10-24 18:51:46,036 INFO  [E-CommerceAutomationProject] - Home Page Displayed 
2024-10-24 18:51:48,067 INFO  [E-CommerceAutomationProject] - Enter any Product
2024-10-24 18:51:48,067 INFO  [E-CommerceAutomationProject] - product displayed on HomePage
2024-10-24 18:51:59,530 INFO  [E-CommerceAutomationProject] -  add to products comparing
2024-10-24 18:52:01,837 INFO  [E-CommerceAutomationProject] - click on product comparing
2024-10-24 18:52:13,884 INFO  [E-CommerceAutomationProject] - product comparing is success
2024-10-24 18:52:13,884 INFO  [E-CommerceAutomationProject] - Finesg TC_006_ProductCompare
]]></system-out>
    <system-err><![CDATA[Oct 24, 2024 6:51:36 PM org.openqa.selenium.devtools.CdpVersionFinder findNearestMatch
WARNING: Unable to find CDP implementation matching 109
Oct 24, 2024 6:51:36 PM org.openqa.selenium.chromium.ChromiumDriver lambda$new$5
WARNING: Unable to find version of CDP to use for 109.0.5414.168. You may need to include a dependency on a specific version of the CDP using something similar to `org.seleniumhq.selenium:selenium-devtools-v86:4.20.0` where the version ("v86") matches the version of the chromium-based browser you're using and the version number of the artifact is the same as Selenium's.
]]></system-err>
  </testcase>
  <testcase name="test_wishlist" classname="com.opencart.testCase.TC_007_WishList" time="106.841">
    <failure message="null" type="java.lang.AssertionError"><![CDATA[java.lang.AssertionError: null
	at org.testng.Assert.fail(Assert.java:111)
	at org.testng.Assert.fail(Assert.java:116)
	at com.opencart.testCase.TC_007_WishList.test_wishlist(TC_007_WishList.java:74)
	at java.base/jdk.internal.reflect.NativeMethodAccessorImpl.invoke0(Native Method)
	at java.base/jdk.internal.reflect.NativeMethodAccessorImpl.invoke(NativeMethodAccessorImpl.java:77)
	at java.base/jdk.internal.reflect.DelegatingMethodAccessorImpl.invoke(DelegatingMethodAccessorImpl.java:43)
	at java.base/java.lang.reflect.Method.invoke(Method.java:568)
	at org.testng.internal.invokers.MethodInvocationHelper.invokeMethod(MethodInvocationHelper.java:141)
	at org.testng.internal.invokers.TestInvoker.invokeMethod(TestInvoker.java:686)
	at org.testng.internal.invokers.TestInvoker.invokeTestMethod(TestInvoker.java:230)
	at org.testng.internal.invokers.MethodRunner.runInSequence(MethodRunner.java:63)
	at org.testng.internal.invokers.TestInvoker$MethodInvocationAgent.invoke(TestInvoker.java:992)
	at org.testng.internal.invokers.TestInvoker.invokeTestMethods(TestInvoker.java:203)
	at org.testng.internal.invokers.TestMethodWorker.invokeTestMethods(TestMethodWorker.java:154)
	at org.testng.internal.invokers.TestMethodWorker.run(TestMethodWorker.java:134)
	at java.base/java.util.ArrayList.forEach(ArrayList.java:1511)
	at org.testng.TestRunner.privateRun(TestRunner.java:739)
	at org.testng.TestRunner.run(TestRunner.java:614)
	at org.testng.SuiteRunner.runTest(SuiteRunner.java:421)
	at org.testng.SuiteRunner.runSequentially(SuiteRunner.java:413)
	at org.testng.SuiteRunner.privateRun(SuiteRunner.java:373)
	at org.testng.SuiteRunner.run(SuiteRunner.java:312)
	at org.testng.SuiteRunnerWorker.runSuite(SuiteRunnerWorker.java:52)
	at org.testng.SuiteRunnerWorker.run(SuiteRunnerWorker.java:95)
	at org.testng.TestNG.runSuitesSequentially(TestNG.java:1274)
	at org.testng.TestNG.runSuitesLocally(TestNG.java:1208)
	at org.testng.TestNG.runSuites(TestNG.java:1112)
	at org.testng.TestNG.run(TestNG.java:1079)
	at org.apache.maven.surefire.testng.TestNGExecutor.run(TestNGExecutor.java:324)
	at org.apache.maven.surefire.testng.TestNGXmlTestSuite.execute(TestNGXmlTestSuite.java:74)
	at org.apache.maven.surefire.testng.TestNGProvider.invoke(TestNGProvider.java:123)
	at org.apache.maven.surefire.booter.ForkedBooter.runSuitesInProcess(ForkedBooter.java:456)
	at org.apache.maven.surefire.booter.ForkedBooter.execute(ForkedBooter.java:169)
	at org.apache.maven.surefire.booter.ForkedBooter.run(ForkedBooter.java:595)
	at org.apache.maven.surefire.booter.ForkedBooter.main(ForkedBooter.java:581)
]]></failure>
    <system-out><![CDATA[2024-10-24 18:52:18,379 INFO  [E-CommerceAutomationProject] - Starting TC_007_WishList
2024-10-24 18:52:22,661 INFO  [E-CommerceAutomationProject] - Home Page Displayed 
2024-10-24 18:52:22,794 INFO  [E-CommerceAutomationProject] - Enter any Product
2024-10-24 18:54:05,001 FATAL [E-CommerceAutomationProject] - WishList Failed: no such element: Unable to locate element: {"method":"xpath","selector":"(//a[@data-bs-toggle='dropdown'])[2]"}
  (Session info: chrome=109.0.5414.168)
For documentation on this error, please visit: https://www.selenium.dev/documentation/webdriver/troubleshooting/errors#no-such-element-exception
Build info: version: '4.20.0', revision: '866c76ca80'
System info: os.name: 'Windows 8.1', os.arch: 'x86', os.version: '6.3', java.version: '17.0.10'
Driver info: org.openqa.selenium.chrome.ChromeDriver
Command: [bf7d8dc684d495e553153b0da9da6cbb, findElement {value=(//a[@data-bs-toggle='dropdown'])[2], using=xpath}]
Capabilities {acceptInsecureCerts: false, browserName: chrome, browserVersion: 109.0.5414.168, chrome: {chromedriverVersion: 109.0.5414.74 (e7c5703604da..., userDataDir: C:\Users\bala\AppData\Local...}, goog:chromeOptions: {debuggerAddress: localhost:49886}, networkConnectionEnabled: false, pageLoadStrategy: normal, platformName: windows, proxy: Proxy(), se:cdp: ws://localhost:49886/devtoo..., se:cdpVersion: 109.0.5414.168, setWindowRect: true, strictFileInteractability: false, timeouts: {implicit: 0, pageLoad: 300000, script: 30000}, unhandledPromptBehavior: dismiss and notify, webauthn:extension:credBlob: true, webauthn:extension:largeBlob: true, webauthn:virtualAuthenticators: true}
Session ID: bf7d8dc684d495e553153b0da9da6cbb
]]></system-out>
    <system-err><![CDATA[Oct 24, 2024 6:52:18 PM org.openqa.selenium.devtools.CdpVersionFinder findNearestMatch
WARNING: Unable to find CDP implementation matching 109
Oct 24, 2024 6:52:18 PM org.openqa.selenium.chromium.ChromiumDriver lambda$new$5
WARNING: Unable to find version of CDP to use for 109.0.5414.168. You may need to include a dependency on a specific version of the CDP using something similar to `org.seleniumhq.selenium:selenium-devtools-v86:4.20.0` where the version ("v86") matches the version of the chromium-based browser you're using and the version number of the artifact is the same as Selenium's.
org.openqa.selenium.TimeoutException: Expected condition failed: waiting for element to be clickable: Proxy element for: DefaultElementLocator 'By.xpath: (//a[@data-bs-toggle='dropdown'])[2]' (tried for 30 second(s) with 500 milliseconds interval)
	at org.openqa.selenium.support.ui.WebDriverWait.timeoutException(WebDriverWait.java:84)
	at org.openqa.selenium.support.ui.FluentWait.until(FluentWait.java:228)
	at com.opencart.testCase.BaseClass.VisibleOfElement(BaseClass.java:152)
	at com.opencart.testCase.BaseClass.login(BaseClass.java:85)
	at com.opencart.testCase.TC_007_WishList.test_wishlist(TC_007_WishList.java:38)
	at java.base/jdk.internal.reflect.NativeMethodAccessorImpl.invoke0(Native Method)
	at java.base/jdk.internal.reflect.NativeMethodAccessorImpl.invoke(NativeMethodAccessorImpl.java:77)
	at java.base/jdk.internal.reflect.DelegatingMethodAccessorImpl.invoke(DelegatingMethodAccessorImpl.java:43)
	at java.base/java.lang.reflect.Method.invoke(Method.java:568)
	at org.testng.internal.invokers.MethodInvocationHelper.invokeMethod(MethodInvocationHelper.java:141)
	at org.testng.internal.invokers.TestInvoker.invokeMethod(TestInvoker.java:686)
	at org.testng.internal.invokers.TestInvoker.invokeTestMethod(TestInvoker.java:230)
	at org.testng.internal.invokers.MethodRunner.runInSequence(MethodRunner.java:63)
	at org.testng.internal.invokers.TestInvoker$MethodInvocationAgent.invoke(TestInvoker.java:992)
	at org.testng.internal.invokers.TestInvoker.invokeTestMethods(TestInvoker.java:203)
	at org.testng.internal.invokers.TestMethodWorker.invokeTestMethods(TestMethodWorker.java:154)
	at org.testng.internal.invokers.TestMethodWorker.run(TestMethodWorker.java:134)
	at java.base/java.util.ArrayList.forEach(ArrayList.java:1511)
	at org.testng.TestRunner.privateRun(TestRunner.java:739)
	at org.testng.TestRunner.run(TestRunner.java:614)
	at org.testng.SuiteRunner.runTest(SuiteRunner.java:421)
	at org.testng.SuiteRunner.runSequentially(SuiteRunner.java:413)
	at org.testng.SuiteRunner.privateRun(SuiteRunner.java:373)
	at org.testng.SuiteRunner.run(SuiteRunner.java:312)
	at org.testng.SuiteRunnerWorker.runSuite(SuiteRunnerWorker.java:52)
	at org.testng.SuiteRunnerWorker.run(SuiteRunnerWorker.java:95)
	at org.testng.TestNG.runSuitesSequentially(TestNG.java:1274)
	at org.testng.TestNG.runSuitesLocally(TestNG.java:1208)
	at org.testng.TestNG.runSuites(TestNG.java:1112)
	at org.testng.TestNG.run(TestNG.java:1079)
	at org.apache.maven.surefire.testng.TestNGExecutor.run(TestNGExecutor.java:324)
	at org.apache.maven.surefire.testng.TestNGXmlTestSuite.execute(TestNGXmlTestSuite.java:74)
	at org.apache.maven.surefire.testng.TestNGProvider.invoke(TestNGProvider.java:123)
	at org.apache.maven.surefire.booter.ForkedBooter.runSuitesInProcess(ForkedBooter.java:456)
	at org.apache.maven.surefire.booter.ForkedBooter.execute(ForkedBooter.java:169)
	at org.apache.maven.surefire.booter.ForkedBooter.run(ForkedBooter.java:595)
	at org.apache.maven.surefire.booter.ForkedBooter.main(ForkedBooter.java:581)
Caused by: org.openqa.selenium.NoSuchElementException: no such element: Unable to locate element: {"method":"xpath","selector":"(//a[@data-bs-toggle='dropdown'])[2]"}
  (Session info: chrome=109.0.5414.168)
For documentation on this error, please visit: https://www.selenium.dev/documentation/webdriver/troubleshooting/errors#no-such-element-exception
Build info: version: '4.20.0', revision: '866c76ca80'
System info: os.name: 'Windows 8.1', os.arch: 'x86', os.version: '6.3', java.version: '17.0.10'
Driver info: org.openqa.selenium.chrome.ChromeDriver
Command: [bf7d8dc684d495e553153b0da9da6cbb, findElement {value=(//a[@data-bs-toggle='dropdown'])[2], using=xpath}]
Capabilities {acceptInsecureCerts: false, browserName: chrome, browserVersion: 109.0.5414.168, chrome: {chromedriverVersion: 109.0.5414.74 (e7c5703604da..., userDataDir: C:\Users\bala\AppData\Local...}, goog:chromeOptions: {debuggerAddress: localhost:49886}, networkConnectionEnabled: false, pageLoadStrategy: normal, platformName: windows, proxy: Proxy(), se:cdp: ws://localhost:49886/devtoo..., se:cdpVersion: 109.0.5414.168, setWindowRect: true, strictFileInteractability: false, timeouts: {implicit: 0, pageLoad: 300000, script: 30000}, unhandledPromptBehavior: dismiss and notify, webauthn:extension:credBlob: true, webauthn:extension:largeBlob: true, webauthn:virtualAuthenticators: true}
Session ID: bf7d8dc684d495e553153b0da9da6cbb
	at java.base/jdk.internal.reflect.NativeConstructorAccessorImpl.newInstance0(Native Method)
	at java.base/jdk.internal.reflect.NativeConstructorAccessorImpl.newInstance(NativeConstructorAccessorImpl.java:77)
	at java.base/jdk.internal.reflect.DelegatingConstructorAccessorImpl.newInstance(DelegatingConstructorAccessorImpl.java:45)
	at java.base/java.lang.reflect.Constructor.newInstanceWithCaller(Constructor.java:499)
	at java.base/java.lang.reflect.Constructor.newInstance(Constructor.java:480)
	at org.openqa.selenium.remote.ErrorCodec.decode(ErrorCodec.java:167)
	at org.openqa.selenium.remote.codec.w3c.W3CHttpResponseCodec.decode(W3CHttpResponseCodec.java:138)
	at org.openqa.selenium.remote.codec.w3c.W3CHttpResponseCodec.decode(W3CHttpResponseCodec.java:50)
	at org.openqa.selenium.remote.HttpCommandExecutor.execute(HttpCommandExecutor.java:190)
	at org.openqa.selenium.remote.service.DriverCommandExecutor.invokeExecute(DriverCommandExecutor.java:216)
	at org.openqa.selenium.remote.service.DriverCommandExecutor.execute(DriverCommandExecutor.java:174)
	at org.openqa.selenium.remote.RemoteWebDriver.execute(RemoteWebDriver.java:518)
	at org.openqa.selenium.remote.ElementLocation$ElementFinder$2.findElement(ElementLocation.java:165)
	at org.openqa.selenium.remote.ElementLocation.findElement(ElementLocation.java:59)
	at org.openqa.selenium.remote.RemoteWebDriver.findElement(RemoteWebDriver.java:355)
	at org.openqa.selenium.remote.RemoteWebDriver.findElement(RemoteWebDriver.java:349)
	at org.openqa.selenium.support.pagefactory.DefaultElementLocator.findElement(DefaultElementLocator.java:68)
	at org.openqa.selenium.support.pagefactory.internal.LocatingElementHandler.invoke(LocatingElementHandler.java:38)
	at jdk.proxy2/jdk.proxy2.$Proxy13.isDisplayed(Unknown Source)
	at org.openqa.selenium.support.ui.ExpectedConditions.elementIfVisible(ExpectedConditions.java:304)
	at org.openqa.selenium.support.ui.ExpectedConditions$10.apply(ExpectedConditions.java:290)
	at org.openqa.selenium.support.ui.ExpectedConditions$10.apply(ExpectedConditions.java:287)
	at org.openqa.selenium.support.ui.ExpectedConditions$23.apply(ExpectedConditions.java:656)
	at org.openqa.selenium.support.ui.ExpectedConditions$23.apply(ExpectedConditions.java:652)
	at org.openqa.selenium.support.ui.FluentWait.until(FluentWait.java:203)
	... 35 more
]]></system-err>
  </testcase>
  <testcase name="test_productdisplay" classname="com.opencart.testCase.TC_008_ProductDisplayPage" time="32.375">
    <system-out><![CDATA[2024-10-24 18:54:10,241 INFO  [E-CommerceAutomationProject] - Starting TC_008_ProductDisplayPage
2024-10-24 18:54:16,195 INFO  [E-CommerceAutomationProject] - Home Page Displayed 
2024-10-24 18:54:16,362 INFO  [E-CommerceAutomationProject] - Enter any Product
2024-10-24 18:54:18,437 INFO  [E-CommerceAutomationProject] - click the search button
2024-10-24 18:54:29,544 INFO  [E-CommerceAutomationProject] - click the image
2024-10-24 18:54:42,749 INFO  [E-CommerceAutomationProject] - click the Product
2024-10-24 18:54:42,857 INFO  [E-CommerceAutomationProject] - click the Product Review
2024-10-24 18:54:42,897 INFO  [E-CommerceAutomationProject] - ProductDisplayPage  success 
2024-10-24 18:54:42,897 INFO  [E-CommerceAutomationProject] -  Finished TC_008_ProductDisplayPage
]]></system-out>
    <system-err><![CDATA[Oct 24, 2024 6:54:10 PM org.openqa.selenium.devtools.CdpVersionFinder findNearestMatch
WARNING: Unable to find CDP implementation matching 109
Oct 24, 2024 6:54:10 PM org.openqa.selenium.chromium.ChromiumDriver lambda$new$5
WARNING: Unable to find version of CDP to use for 109.0.5414.168. You may need to include a dependency on a specific version of the CDP using something similar to `org.seleniumhq.selenium:selenium-devtools-v86:4.20.0` where the version ("v86") matches the version of the chromium-based browser you're using and the version number of the artifact is the same as Selenium's.
]]></system-err>
  </testcase>
  <testcase name="test_forgotpassword" classname="com.opencart.testCase.TC_009_ForgotPassword" time="64.464">
    <system-out><![CDATA[2024-10-24 18:54:49,352 INFO  [E-CommerceAutomationProject] - Starting TC_009_ForgotPassword
2024-10-24 18:54:56,712 INFO  [E-CommerceAutomationProject] - Home Page Displayed 
2024-10-24 18:54:58,493 INFO  [E-CommerceAutomationProject] - Clicked on My Account 
2024-10-24 18:55:51,141 INFO  [E-CommerceAutomationProject] - Clicked on Login 
2024-10-24 18:55:51,326 INFO  [E-CommerceAutomationProject] - Provided Email 
2024-10-24 18:55:51,462 INFO  [E-CommerceAutomationProject] - Provided Email 
2024-10-24 18:55:52,722 INFO  [E-CommerceAutomationProject] - Provided confirmation email
2024-10-24 18:55:53,815 INFO  [E-CommerceAutomationProject] - forget password is successfull
2024-10-24 18:55:53,815 INFO  [E-CommerceAutomationProject] - Finished TC_009_ForgotPassword
]]></system-out>
    <system-err><![CDATA[Oct 24, 2024 6:54:49 PM org.openqa.selenium.devtools.CdpVersionFinder findNearestMatch
WARNING: Unable to find CDP implementation matching 109
Oct 24, 2024 6:54:49 PM org.openqa.selenium.chromium.ChromiumDriver lambda$new$5
WARNING: Unable to find version of CDP to use for 109.0.5414.168. You may need to include a dependency on a specific version of the CDP using something similar to `org.seleniumhq.selenium:selenium-devtools-v86:4.20.0` where the version ("v86") matches the version of the chromium-based browser you're using and the version number of the artifact is the same as Selenium's.
]]></system-err>
  </testcase>
  <testcase name="test_ShoppingCart" classname="com.opencart.testCase.TC_010_ShoppingCart" time="33.53">
    <failure message="no such element: Unable to locate element: {&quot;method&quot;:&quot;xpath&quot;,&quot;selector&quot;:&quot;//span[text()=&apos;Shopping Cart&apos;]&quot;}&#10;  (Session info: chrome=109.0.5414.168)&#10;For documentation on this error, please visit: https://www.selenium.dev/documentation/webdriver/troubleshooting/errors#no-such-element-exception&#10;Build info: version: &apos;4.20.0&apos;, revision: &apos;866c76ca80&apos;&#10;System info: os.name: &apos;Windows 8.1&apos;, os.arch: &apos;x86&apos;, os.version: &apos;6.3&apos;, java.version: &apos;17.0.10&apos;&#10;Driver info: org.openqa.selenium.chrome.ChromeDriver&#10;Command: [5ea0e177ec6fd657b14bb614fb2ef590, findElement {value=//span[text()=&apos;Shopping Cart&apos;], using=xpath}]&#10;Capabilities {acceptInsecureCerts: false, browserName: chrome, browserVersion: 109.0.5414.168, chrome: {chromedriverVersion: 109.0.5414.74 (e7c5703604da..., userDataDir: C:\Users\bala\AppData\Local...}, goog:chromeOptions: {debuggerAddress: localhost:49967}, networkConnectionEnabled: false, pageLoadStrategy: normal, platformName: windows, proxy: Proxy(), se:cdp: ws://localhost:49967/devtoo..., se:cdpVersion: 109.0.5414.168, setWindowRect: true, strictFileInteractability: false, timeouts: {implicit: 0, pageLoad: 300000, script: 30000}, unhandledPromptBehavior: dismiss and notify, webauthn:extension:credBlob: true, webauthn:extension:largeBlob: true, webauthn:virtualAuthenticators: true}&#10;Session ID: 5ea0e177ec6fd657b14bb614fb2ef590" type="org.openqa.selenium.NoSuchElementException"><![CDATA[org.openqa.selenium.NoSuchElementException: 
no such element: Unable to locate element: {"method":"xpath","selector":"//span[text()='Shopping Cart']"}
  (Session info: chrome=109.0.5414.168)
For documentation on this error, please visit: https://www.selenium.dev/documentation/webdriver/troubleshooting/errors#no-such-element-exception
Build info: version: '4.20.0', revision: '866c76ca80'
System info: os.name: 'Windows 8.1', os.arch: 'x86', os.version: '6.3', java.version: '17.0.10'
Driver info: org.openqa.selenium.chrome.ChromeDriver
Command: [5ea0e177ec6fd657b14bb614fb2ef590, findElement {value=//span[text()='Shopping Cart'], using=xpath}]
Capabilities {acceptInsecureCerts: false, browserName: chrome, browserVersion: 109.0.5414.168, chrome: {chromedriverVersion: 109.0.5414.74 (e7c5703604da..., userDataDir: C:\Users\bala\AppData\Local...}, goog:chromeOptions: {debuggerAddress: localhost:49967}, networkConnectionEnabled: false, pageLoadStrategy: normal, platformName: windows, proxy: Proxy(), se:cdp: ws://localhost:49967/devtoo..., se:cdpVersion: 109.0.5414.168, setWindowRect: true, strictFileInteractability: false, timeouts: {implicit: 0, pageLoad: 300000, script: 30000}, unhandledPromptBehavior: dismiss and notify, webauthn:extension:credBlob: true, webauthn:extension:largeBlob: true, webauthn:virtualAuthenticators: true}
Session ID: 5ea0e177ec6fd657b14bb614fb2ef590
	at java.base/jdk.internal.reflect.NativeConstructorAccessorImpl.newInstance0(Native Method)
	at java.base/jdk.internal.reflect.NativeConstructorAccessorImpl.newInstance(NativeConstructorAccessorImpl.java:77)
	at java.base/jdk.internal.reflect.DelegatingConstructorAccessorImpl.newInstance(DelegatingConstructorAccessorImpl.java:45)
	at java.base/java.lang.reflect.Constructor.newInstanceWithCaller(Constructor.java:499)
	at java.base/java.lang.reflect.Constructor.newInstance(Constructor.java:480)
	at org.openqa.selenium.remote.ErrorCodec.decode(ErrorCodec.java:167)
	at org.openqa.selenium.remote.codec.w3c.W3CHttpResponseCodec.decode(W3CHttpResponseCodec.java:138)
	at org.openqa.selenium.remote.codec.w3c.W3CHttpResponseCodec.decode(W3CHttpResponseCodec.java:50)
	at org.openqa.selenium.remote.HttpCommandExecutor.execute(HttpCommandExecutor.java:190)
	at org.openqa.selenium.remote.service.DriverCommandExecutor.invokeExecute(DriverCommandExecutor.java:216)
	at org.openqa.selenium.remote.service.DriverCommandExecutor.execute(DriverCommandExecutor.java:174)
	at org.openqa.selenium.remote.RemoteWebDriver.execute(RemoteWebDriver.java:518)
	at org.openqa.selenium.remote.ElementLocation$ElementFinder$2.findElement(ElementLocation.java:165)
	at org.openqa.selenium.remote.ElementLocation.findElement(ElementLocation.java:59)
	at org.openqa.selenium.remote.RemoteWebDriver.findElement(RemoteWebDriver.java:355)
	at org.openqa.selenium.remote.RemoteWebDriver.findElement(RemoteWebDriver.java:349)
	at org.openqa.selenium.support.pagefactory.DefaultElementLocator.findElement(DefaultElementLocator.java:68)
	at org.openqa.selenium.support.pagefactory.internal.LocatingElementHandler.invoke(LocatingElementHandler.java:38)
	at jdk.proxy2/jdk.proxy2.$Proxy13.click(Unknown Source)
	at com.opencart.pageObject.ShoppingCart.shop_cart(ShoppingCart.java:101)
	at com.opencart.testCase.TC_010_ShoppingCart.test_ShoppingCart(TC_010_ShoppingCart.java:36)
	at java.base/jdk.internal.reflect.NativeMethodAccessorImpl.invoke0(Native Method)
	at java.base/jdk.internal.reflect.NativeMethodAccessorImpl.invoke(NativeMethodAccessorImpl.java:77)
	at java.base/jdk.internal.reflect.DelegatingMethodAccessorImpl.invoke(DelegatingMethodAccessorImpl.java:43)
	at java.base/java.lang.reflect.Method.invoke(Method.java:568)
	at org.testng.internal.invokers.MethodInvocationHelper.invokeMethod(MethodInvocationHelper.java:141)
	at org.testng.internal.invokers.TestInvoker.invokeMethod(TestInvoker.java:686)
	at org.testng.internal.invokers.TestInvoker.invokeTestMethod(TestInvoker.java:230)
	at org.testng.internal.invokers.MethodRunner.runInSequence(MethodRunner.java:63)
	at org.testng.internal.invokers.TestInvoker$MethodInvocationAgent.invoke(TestInvoker.java:992)
	at org.testng.internal.invokers.TestInvoker.invokeTestMethods(TestInvoker.java:203)
	at org.testng.internal.invokers.TestMethodWorker.invokeTestMethods(TestMethodWorker.java:154)
	at org.testng.internal.invokers.TestMethodWorker.run(TestMethodWorker.java:134)
	at java.base/java.util.ArrayList.forEach(ArrayList.java:1511)
	at org.testng.TestRunner.privateRun(TestRunner.java:739)
	at org.testng.TestRunner.run(TestRunner.java:614)
	at org.testng.SuiteRunner.runTest(SuiteRunner.java:421)
	at org.testng.SuiteRunner.runSequentially(SuiteRunner.java:413)
	at org.testng.SuiteRunner.privateRun(SuiteRunner.java:373)
	at org.testng.SuiteRunner.run(SuiteRunner.java:312)
	at org.testng.SuiteRunnerWorker.runSuite(SuiteRunnerWorker.java:52)
	at org.testng.SuiteRunnerWorker.run(SuiteRunnerWorker.java:95)
	at org.testng.TestNG.runSuitesSequentially(TestNG.java:1274)
	at org.testng.TestNG.runSuitesLocally(TestNG.java:1208)
	at org.testng.TestNG.runSuites(TestNG.java:1112)
	at org.testng.TestNG.run(TestNG.java:1079)
	at org.apache.maven.surefire.testng.TestNGExecutor.run(TestNGExecutor.java:324)
	at org.apache.maven.surefire.testng.TestNGXmlTestSuite.execute(TestNGXmlTestSuite.java:74)
	at org.apache.maven.surefire.testng.TestNGProvider.invoke(TestNGProvider.java:123)
	at org.apache.maven.surefire.booter.ForkedBooter.runSuitesInProcess(ForkedBooter.java:456)
	at org.apache.maven.surefire.booter.ForkedBooter.execute(ForkedBooter.java:169)
	at org.apache.maven.surefire.booter.ForkedBooter.run(ForkedBooter.java:595)
	at org.apache.maven.surefire.booter.ForkedBooter.main(ForkedBooter.java:581)
]]></failure>
    <system-out><![CDATA[2024-10-24 18:56:02,015 INFO  [E-CommerceAutomationProject] - Starting TC_010_ShoppingCart
2024-10-24 18:56:08,681 INFO  [E-CommerceAutomationProject] - Home Page Displayed 
2024-10-24 18:56:08,889 INFO  [E-CommerceAutomationProject] - Search iMac is  Displayed 
2024-10-24 18:56:08,966 INFO  [E-CommerceAutomationProject] - Search Button clicked 
2024-10-24 18:56:10,491 INFO  [E-CommerceAutomationProject] - Add to Cart clicked 
]]></system-out>
    <system-err><![CDATA[Oct 24, 2024 6:56:01 PM org.openqa.selenium.devtools.CdpVersionFinder findNearestMatch
WARNING: Unable to find CDP implementation matching 109
Oct 24, 2024 6:56:01 PM org.openqa.selenium.chromium.ChromiumDriver lambda$new$5
WARNING: Unable to find version of CDP to use for 109.0.5414.168. You may need to include a dependency on a specific version of the CDP using something similar to `org.seleniumhq.selenium:selenium-devtools-v86:4.20.0` where the version ("v86") matches the version of the chromium-based browser you're using and the version number of the artifact is the same as Selenium's.
]]></system-err>
  </testcase>
</testsuite>